1_deployment.ts
Using address 0x0160ceDB6cae2EAd33F5c2fa25FE078485a07b63
Wallet balance 9.944932666015932
Deploying Ballot contract
Proposals: 
Proposal N. 1: Gandalf
Proposal N. 2: Frodo
Proposal N. 3: Sam
Awaiting confirmations
Completed
Contract deployed at 0x9ce1F267a3315975e9E3824346d04FBd98f8a0ec
Done in 19.67s.

2_giveVotingRights.ts
ubuntu@sf:~/sol-bootcamp/weekly-projects/week1$ yarn ts-node --files scripts/Ballot/2_giveVotingRights.ts 0x9ce1F267a3315975e9E3824346d04FBd98f8a0ec 0xf83D5aCb2DCBDbBE081407bA7113d7adb7aC6835
yarn run v1.22.18
$ /home/ubuntu/sol-bootcamp/weekly-projects/week1/node_modules/.bin/ts-node --files scripts/Ballot/2_giveVotingRights.ts 0x9ce1F267a3315975e9E3824346d04FBd98f8a0ec 0xf83D5aCb2DCBDbBE081407bA7113d7adb7aC6835
Using address 0x0160ceDB6cae2EAd33F5c2fa25FE078485a07b63
Wallet balance 9.933629075850485
Attaching ballot contract interface to address 0x9ce1F267a3315975e9E3824346d04FBd98f8a0ec
Giving right to vote to 0xf83D5aCb2DCBDbBE081407bA7113d7adb7aC6835
Awaiting confirmations
Transaction completed. Hash: 0xcd06b2b3bd4b994a6b39a870442757d42d3057bd1d025f794df419d064b0a60e
Done in 57.83s.

3_castVotes.ts
==========voter casts vote to Frodo========
ubuntu@sf:~/sol-bootcamp/weekly-projects/week1$ yarn ts-node --files scripts/Ballot/3_castVote.ts 1
yarn run v1.22.18
$ /home/ubuntu/sol-bootcamp/weekly-projects/week1/node_modules/.bin/ts-node --files scripts/Ballot/3_castVote.ts 1
Using address 0xf83D5aCb2DCBDbBE081407bA7113d7adb7aC6835
Arguments entered: [ '1' ]
number
Awaiting confirmations
Transaction completed. Hash: 0xfa2d4d7cdbeacf8457cfb759509074affd5c2d336687dabaf849d5659579c3c9
Done in 27.39s.

5_query.ts
ubuntu@sf:~/sol-bootcamp/weekly-projects/week1$ yarn ts-node --files scripts/Ballot/5_query.ts 1
yarn run v1.22.18
$ /home/ubuntu/sol-bootcamp/weekly-projects/week1/node_modules/.bin/ts-node --files scripts/Ballot/5_query.ts 1
Using address 0x0160ceDB6cae2EAd33F5c2fa25FE078485a07b63
Arguments entered: [ '1' ]
number
Awaiting proposal query
[
  '0x46726f646f000000000000000000000000000000000000000000000000000000',
  BigNumber { _hex: '0x01', _isBigNumber: true },
  name: '0x46726f646f000000000000000000000000000000000000000000000000000000',
  voteCount: BigNumber { _hex: '0x01', _isBigNumber: true }
]
Proposal Name:  Frodo
Vote Count:  1
Done in 28.67s.


ubuntu@sf:~/sol-bootcamp/weekly-projects/week1$ yarn ts-node --files scripts/Ballot/5_query.ts
yarn run v1.22.18
$ /home/ubuntu/sol-bootcamp/weekly-projects/week1/node_modules/.bin/ts-node --files scripts/Ballot/5_query.ts
Using address 0x0160ceDB6cae2EAd33F5c2fa25FE078485a07b63
Query all proposals.
Awaiting proposal query
Proposal Name:  Gandalf
Vote Count:  0
Awaiting proposal query
Proposal Name:  Frodo
Vote Count:  1
Awaiting proposal query
Proposal Name:  Sam
Vote Count:  0
Done in 124.78s.

4_delegateVote.ts
==========another voter delegates to delegateAddress=========

ubuntu@sf:~/sol-bootcamp/weekly-projects/week1$ yarn ts-node --files scripts/Ballot/4_delegateVote.ts 0x47fC8B9b6AF4f7c159652F2a4CF6871424eED7e1 0x2c45CbE25efD7442AAbbAF6633A88Ef4E139586d
yarn run v1.22.18
$ /home/ubuntu/sol-bootcamp/weekly-projects/week1/node_modules/.bin/ts-node --files scripts/Ballot/4_delegateVote.ts 0x47fC8B9b6AF4f7c159652F2a4CF6871424eED7e1 0x2c45CbE25efD7442AAbbAF6633A88Ef4E139586d
Arguments entered: [
  '0x47fC8B9b6AF4f7c159652F2a4CF6871424eED7e1',
  '0x2c45CbE25efD7442AAbbAF6633A88Ef4E139586d'
]
Using address 0x0160ceDB6cae2EAd33F5c2fa25FE078485a07b63
Giving right to vote to 0x47fC8B9b6AF4f7c159652F2a4CF6871424eED7e1
Awaiting confirmations
Transaction completed. Hash: 0x6d426849d872ff0385a335bee8da0452a16cb43b059d77a2d642b920694c3660
Using address 0x0160ceDB6cae2EAd33F5c2fa25FE078485a07b63
Giving right to vote to 0x2c45CbE25efD7442AAbbAF6633A88Ef4E139586d
Awaiting confirmations
Transaction completed. Hash: 0x505a991a0248f827c1c02e972f69068a9a01b4740a1137e09dcd1b33da5984a3
Using address 0x47fC8B9b6AF4f7c159652F2a4CF6871424eED7e1
Awaiting delegating
Transaction completed. Hash: 0x786022e30c1bfa4810b7eb16d2867f227b24fc4f717a9bc32330bb39649d2e2b
Done in 119.22s.

6_queryVotingResult.ts
ubuntu@sf:~/sol-bootcamp/weekly-projects/week1$ yarn ts-node --files scripts/Ballot/6_queryVotingResult.ts 
yarn run v1.22.18
$ /home/ubuntu/sol-bootcamp/weekly-projects/week1/node_modules/.bin/ts-node --files scripts/Ballot/6_queryVotingResult.ts
Using address 0x0160ceDB6cae2EAd33F5c2fa25FE078485a07b63
0x46726f646f000000000000000000000000000000000000000000000000000000
Winning Proposal  Frodo
Done in 4.46s.

3_castVote.ts
========delegate address casts votes to Gandalf=======

ubuntu@sf:~/sol-bootcamp/weekly-projects/week1$ yarn ts-node --files scripts/Ballot/3_castVote.ts 0
yarn run v1.22.18
$ /home/ubuntu/sol-bootcamp/weekly-projects/week1/node_modules/.bin/ts-node --files scripts/Ballot/3_castVote.ts 0
Using address 0x2c45CbE25efD7442AAbbAF6633A88Ef4E139586d
Arguments entered: [ '0' ]
number
Awaiting confirmations
Transaction completed. Hash: 0x1979f04f4aa8c99ae35ec89b6e5d92005eb15c93432ea9d1be0730de94c74224
Done in 67.94s.
ubuntu@sf:~/sol-bootcamp/weekly-projects/week1$ yarn ts-node --files scripts/Ballot/6_queryVotingResult.ts 
yarn run v1.22.18
$ /home/ubuntu/sol-bootcamp/weekly-projects/week1/node_modules/.bin/ts-node --files scripts/Ballot/6_queryVotingResult.ts
Using address 0x0160ceDB6cae2EAd33F5c2fa25FE078485a07b63
0x47616e64616c6600000000000000000000000000000000000000000000000000
Winning Proposal  Gandalf
Done in 4.38s.

5_query.ts
=========query proposals=======
ubuntu@sf:~/sol-bootcamp/weekly-projects/week1$ yarn ts-node --files scripts/Ballot/5_query.ts
yarn run v1.22.18
$ /home/ubuntu/sol-bootcamp/weekly-projects/week1/node_modules/.bin/ts-node --files scripts/Ballot/5_query.ts
Using address 0x0160ceDB6cae2EAd33F5c2fa25FE078485a07b63
Query all proposals.
Awaiting proposal query
Proposal Name: Gandalf with Vote Count: 2
Awaiting proposal query
Proposal Name: Frodo with Vote Count: 1
Awaiting proposal query
Proposal Name: Sam with Vote Count: 0
Done in 4.74s.

6_queryVotingResult.ts
========query final winner======
yarn run v1.22.18
$ /home/ubuntu/sol-bootcamp/weekly-projects/week1/node_modules/.bin/ts-node --files scripts/Ballot/6_queryVotingResult.ts
Using address 0x0160ceDB6cae2EAd33F5c2fa25FE078485a07b63
0x47616e64616c6600000000000000000000000000000000000000000000000000
Winning Proposal  Gandalf
Done in 4.37s.